<?xml version="1.0" encoding="UTF-8"?>
<testng-results ignored="0" total="5" passed="5" failed="0" skipped="0">
  <reporter-output>
  </reporter-output>
  <suite started-at="2023-05-30T11:42:10 IST" name="Default suite" finished-at="2023-05-30T11:42:15 IST" duration-ms="4373">
    <groups>
    </groups>
    <test started-at="2023-05-30T11:42:10 IST" name="Default test" finished-at="2023-05-30T11:42:15 IST" duration-ms="4373">
      <class name="Test_method.demobank_personallogin">
        <test-method is-config="true" signature="Launch()[pri:0, instance:Test_method.demobank_personallogin@2a265ea9]" started-at="2023-05-30T11:42:04 IST" name="Launch" finished-at="2023-05-30T11:42:10 IST" duration-ms="6569" status="PASS">
          <reporter-output>
          </reporter-output>
        </test-method> <!-- Launch -->
        <test-method signature="Internet_banking()[pri:1, instance:Test_method.demobank_personallogin@2a265ea9]" started-at="2023-05-30T11:42:10 IST" name="Internet_banking" finished-at="2023-05-30T11:42:12 IST" duration-ms="1074" status="PASS">
          <reporter-output>
          </reporter-output>
        </test-method> <!-- Internet_banking -->
        <test-method signature="Personal_login()[pri:2, instance:Test_method.demobank_personallogin@2a265ea9]" started-at="2023-05-30T11:42:12 IST" name="Personal_login" finished-at="2023-05-30T11:42:13 IST" duration-ms="1079" status="PASS">
          <reporter-output>
          </reporter-output>
        </test-method> <!-- Personal_login -->
        <test-method signature="Disclaimer()[pri:3, instance:Test_method.demobank_personallogin@2a265ea9]" started-at="2023-05-30T11:42:13 IST" name="Disclaimer" finished-at="2023-05-30T11:42:13 IST" duration-ms="33" status="PASS">
          <reporter-output>
          </reporter-output>
        </test-method> <!-- Disclaimer -->
        <test-method signature="Modalbody()[pri:4, instance:Test_method.demobank_personallogin@2a265ea9]" started-at="2023-05-30T11:42:13 IST" name="Modalbody" finished-at="2023-05-30T11:42:14 IST" duration-ms="1060" status="PASS">
          <reporter-output>
          </reporter-output>
        </test-method> <!-- Modalbody -->
        <test-method signature="Agree()[pri:5, instance:Test_method.demobank_personallogin@2a265ea9]" started-at="2023-05-30T11:42:14 IST" name="Agree" finished-at="2023-05-30T11:42:15 IST" duration-ms="1088" status="PASS">
          <reporter-output>
          </reporter-output>
        </test-method> <!-- Agree -->
      </class> <!-- Test_method.demobank_personallogin -->
    </test> <!-- Default test -->
  </suite> <!-- Default suite -->
</testng-results>
