<?xml version="1.0" encoding="UTF-8"?>
<testng-results ignored="0" total="7" passed="6" failed="1" skipped="0">
  <reporter-output>
  </reporter-output>
  <suite started-at="2023-05-30T14:27:51 IST" name="Default suite" finished-at="2023-05-30T14:27:59 IST" duration-ms="7279">
    <groups>
    </groups>
    <test started-at="2023-05-30T14:27:51 IST" name="Default test" finished-at="2023-05-30T14:27:59 IST" duration-ms="7279">
      <class name="testmethod.Hamleys_homepage">
        <test-method is-config="true" signature="Launch()[pri:0, instance:testmethod.Hamleys_homepage@6892b3b6]" started-at="2023-05-30T14:27:43 IST" name="Launch" finished-at="2023-05-30T14:27:51 IST" duration-ms="8312" status="PASS">
          <reporter-output>
          </reporter-output>
        </test-method> <!-- Launch -->
        <test-method signature="Logo()[pri:1, instance:testmethod.Hamleys_homepage@6892b3b6]" started-at="2023-05-30T14:27:51 IST" name="Logo" finished-at="2023-05-30T14:27:51 IST" duration-ms="50" status="PASS">
          <reporter-output>
          </reporter-output>
        </test-method> <!-- Logo -->
        <test-method signature="Deals_promotion()[pri:2, instance:testmethod.Hamleys_homepage@6892b3b6]" started-at="2023-05-30T14:27:51 IST" name="Deals_promotion" finished-at="2023-05-30T14:27:53 IST" duration-ms="1246" status="PASS">
          <reporter-output>
          </reporter-output>
        </test-method> <!-- Deals_promotion -->
        <test-method signature="Category()[pri:3, instance:testmethod.Hamleys_homepage@6892b3b6]" started-at="2023-05-30T14:27:53 IST" name="Category" finished-at="2023-05-30T14:27:54 IST" duration-ms="1160" status="PASS">
          <reporter-output>
          </reporter-output>
        </test-method> <!-- Category -->
        <test-method signature="Age()[pri:4, instance:testmethod.Hamleys_homepage@6892b3b6]" started-at="2023-05-30T14:27:54 IST" name="Age" finished-at="2023-05-30T14:27:55 IST" duration-ms="1133" status="PASS">
          <reporter-output>
          </reporter-output>
        </test-method> <!-- Age -->
        <test-method signature="Brand()[pri:5, instance:testmethod.Hamleys_homepage@6892b3b6]" started-at="2023-05-30T14:27:55 IST" name="Brand" finished-at="2023-05-30T14:27:56 IST" duration-ms="1132" status="FAIL">
          <exception class="org.openqa.selenium.ElementClickInterceptedException">
            <message>
              <![CDATA[element click intercepted: Element <a data-v-593a192e="" href="/#" class="desktop-item creat-icon poppins-semi-bold nuxt-link-exact-active nuxt-link-active" aria-current="page">...</a> is not clickable at point (820, 118). Other element would receive the click: <iframe id="nvpush_popup_background_iframe" style="background-color: rgba(0, 0, 0, 0.8); width: 100%; height: 100%; border: 0; z-index: 999999999999; position: fixed; top: 0;left:0px"></iframe>
  (Session info: chrome=113.0.5672.127)
Build info: version: '4.8.2', revision: '826dbfc730'
System info: os.name: 'Windows 10', os.arch: 'amd64', os.version: '10.0', java.version: '17.0.5'
Driver info: org.openqa.selenium.chrome.ChromeDriver
Command: [291ebe9a9151f0f9b64d2b03749077ef, clickElement {id=81953684F53EEB11599EE0DEDFA6836F_element_77}]
Capabilities {acceptInsecureCerts: false, browserName: chrome, browserVersion: 113.0.5672.127, chrome: {chromedriverVersion: 113.0.5672.63 (0e1a4471d5ae..., userDataDir: C:\Users\ISRIVA~1\AppData\L...}, goog:chromeOptions: {debuggerAddress: localhost:61441}, networkConnectionEnabled: false, pageLoadStrategy: normal, platformName: WINDOWS, proxy: Proxy(), se:cdp: ws://localhost:61441/devtoo..., se:cdpVersion: 113.0.5672.127, setWindowRect: true, strictFileInteractability: false, timeouts: {implicit: 0, pageLoad: 300000, script: 30000}, unhandledPromptBehavior: dismiss and notify, webauthn:extension:credBlob: true, webauthn:extension:largeBlob: true, webauthn:extension:minPinLength: true, webauthn:extension:prf: true, webauthn:virtualAuthenticators: true}
Element: [[ChromeDriver: chrome on WINDOWS (291ebe9a9151f0f9b64d2b03749077ef)] -> xpath: //a[text()='Brand']]
Session ID: 291ebe9a9151f0f9b64d2b03749077ef]]>
            </message>
            <full-stacktrace>
              <![CDATA[org.openqa.selenium.ElementClickInterceptedException: element click intercepted: Element <a data-v-593a192e="" href="/#" class="desktop-item creat-icon poppins-semi-bold nuxt-link-exact-active nuxt-link-active" aria-current="page">...</a> is not clickable at point (820, 118). Other element would receive the click: <iframe id="nvpush_popup_background_iframe" style="background-color: rgba(0, 0, 0, 0.8); width: 100%; height: 100%; border: 0; z-index: 999999999999; position: fixed; top: 0;left:0px"></iframe>
  (Session info: chrome=113.0.5672.127)
Build info: version: '4.8.2', revision: '826dbfc730'
System info: os.name: 'Windows 10', os.arch: 'amd64', os.version: '10.0', java.version: '17.0.5'
Driver info: org.openqa.selenium.chrome.ChromeDriver
Command: [291ebe9a9151f0f9b64d2b03749077ef, clickElement {id=81953684F53EEB11599EE0DEDFA6836F_element_77}]
Capabilities {acceptInsecureCerts: false, browserName: chrome, browserVersion: 113.0.5672.127, chrome: {chromedriverVersion: 113.0.5672.63 (0e1a4471d5ae..., userDataDir: C:\Users\ISRIVA~1\AppData\L...}, goog:chromeOptions: {debuggerAddress: localhost:61441}, networkConnectionEnabled: false, pageLoadStrategy: normal, platformName: WINDOWS, proxy: Proxy(), se:cdp: ws://localhost:61441/devtoo..., se:cdpVersion: 113.0.5672.127, setWindowRect: true, strictFileInteractability: false, timeouts: {implicit: 0, pageLoad: 300000, script: 30000}, unhandledPromptBehavior: dismiss and notify, webauthn:extension:credBlob: true, webauthn:extension:largeBlob: true, webauthn:extension:minPinLength: true, webauthn:extension:prf: true, webauthn:virtualAuthenticators: true}
Element: [[ChromeDriver: chrome on WINDOWS (291ebe9a9151f0f9b64d2b03749077ef)] -> xpath: //a[text()='Brand']]
Session ID: 291ebe9a9151f0f9b64d2b03749077ef
at java.base/jdk.internal.reflect.NativeConstructorAccessorImpl.newInstance0(Native Method)
at java.base/jdk.internal.reflect.NativeConstructorAccessorImpl.newInstance(NativeConstructorAccessorImpl.java:77)
at java.base/jdk.internal.reflect.DelegatingConstructorAccessorImpl.newInstance(DelegatingConstructorAccessorImpl.java:45)
at java.base/java.lang.reflect.Constructor.newInstanceWithCaller(Constructor.java:499)
at java.base/java.lang.reflect.Constructor.newInstance(Constructor.java:480)
at org.openqa.selenium.remote.codec.w3c.W3CHttpResponseCodec.createException(W3CHttpResponseCodec.java:200)
at org.openqa.selenium.remote.codec.w3c.W3CHttpResponseCodec.decode(W3CHttpResponseCodec.java:133)
at org.openqa.selenium.remote.codec.w3c.W3CHttpResponseCodec.decode(W3CHttpResponseCodec.java:53)
at org.openqa.selenium.remote.HttpCommandExecutor.execute(HttpCommandExecutor.java:193)
at org.openqa.selenium.remote.service.DriverCommandExecutor.invokeExecute(DriverCommandExecutor.java:183)
at org.openqa.selenium.remote.service.DriverCommandExecutor.execute(DriverCommandExecutor.java:158)
at org.openqa.selenium.remote.RemoteWebDriver.execute(RemoteWebDriver.java:543)
at org.openqa.selenium.remote.RemoteWebElement.execute(RemoteWebElement.java:257)
at org.openqa.selenium.remote.RemoteWebElement.click(RemoteWebElement.java:78)
at java.base/jdk.internal.reflect.NativeMethodAccessorImpl.invoke0(Native Method)
at java.base/jdk.internal.reflect.NativeMethodAccessorImpl.invoke(NativeMethodAccessorImpl.java:77)
at java.base/jdk.internal.reflect.DelegatingMethodAccessorImpl.invoke(DelegatingMethodAccessorImpl.java:43)
at java.base/java.lang.reflect.Method.invoke(Method.java:568)
at org.openqa.selenium.support.pagefactory.internal.LocatingElementHandler.invoke(LocatingElementHandler.java:52)
at jdk.proxy2/jdk.proxy2.$Proxy15.click(Unknown Source)
at testpage.Hamleys_page.Brand(Hamleys_page.java:78)
at testmethod.Hamleys_homepage.Brand(Hamleys_homepage.java:46)
at java.base/jdk.internal.reflect.NativeMethodAccessorImpl.invoke0(Native Method)
at java.base/jdk.internal.reflect.NativeMethodAccessorImpl.invoke(NativeMethodAccessorImpl.java:77)
at java.base/jdk.internal.reflect.DelegatingMethodAccessorImpl.invoke(DelegatingMethodAccessorImpl.java:43)
at java.base/java.lang.reflect.Method.invoke(Method.java:568)
at org.testng.internal.invokers.MethodInvocationHelper.invokeMethod(MethodInvocationHelper.java:139)
at org.testng.internal.invokers.TestInvoker.invokeMethod(TestInvoker.java:677)
at org.testng.internal.invokers.TestInvoker.invokeTestMethod(TestInvoker.java:221)
at org.testng.internal.invokers.MethodRunner.runInSequence(MethodRunner.java:50)
at org.testng.internal.invokers.TestInvoker$MethodInvocationAgent.invoke(TestInvoker.java:969)
at org.testng.internal.invokers.TestInvoker.invokeTestMethods(TestInvoker.java:194)
at org.testng.internal.invokers.TestMethodWorker.invokeTestMethods(TestMethodWorker.java:148)
at org.testng.internal.invokers.TestMethodWorker.run(TestMethodWorker.java:128)
at java.base/java.util.ArrayList.forEach(ArrayList.java:1511)
at org.testng.TestRunner.privateRun(TestRunner.java:829)
at org.testng.TestRunner.run(TestRunner.java:602)
at org.testng.SuiteRunner.runTest(SuiteRunner.java:437)
at org.testng.SuiteRunner.runSequentially(SuiteRunner.java:431)
at org.testng.SuiteRunner.privateRun(SuiteRunner.java:391)
at org.testng.SuiteRunner.run(SuiteRunner.java:330)
at org.testng.SuiteRunnerWorker.runSuite(SuiteRunnerWorker.java:52)
at org.testng.SuiteRunnerWorker.run(SuiteRunnerWorker.java:95)
at org.testng.TestNG.runSuitesSequentially(TestNG.java:1256)
at org.testng.TestNG.runSuitesLocally(TestNG.java:1176)
at org.testng.TestNG.runSuites(TestNG.java:1099)
at org.testng.TestNG.run(TestNG.java:1067)
at org.testng.remote.AbstractRemoteTestNG.run(AbstractRemoteTestNG.java:115)
at org.testng.remote.RemoteTestNG.initAndRun(RemoteTestNG.java:251)
at org.testng.remote.RemoteTestNG.main(RemoteTestNG.java:77)
]]>
            </full-stacktrace>
          </exception> <!-- org.openqa.selenium.ElementClickInterceptedException -->
          <reporter-output>
          </reporter-output>
        </test-method> <!-- Brand -->
        <test-method signature="Charcaters()[pri:6, instance:testmethod.Hamleys_homepage@6892b3b6]" started-at="2023-05-30T14:27:56 IST" name="Charcaters" finished-at="2023-05-30T14:27:57 IST" duration-ms="1180" status="PASS">
          <reporter-output>
          </reporter-output>
        </test-method> <!-- Charcaters -->
        <test-method signature="Search()[pri:7, instance:testmethod.Hamleys_homepage@6892b3b6]" started-at="2023-05-30T14:27:57 IST" name="Search" finished-at="2023-05-30T14:27:59 IST" duration-ms="1332" status="PASS">
          <reporter-output>
          </reporter-output>
        </test-method> <!-- Search -->
      </class> <!-- testmethod.Hamleys_homepage -->
    </test> <!-- Default test -->
  </suite> <!-- Default suite -->
</testng-results>
