<?xml version="1.0" encoding="UTF-8"?>
<!-- Generated by org.testng.reporters.JUnitXMLReporter -->
<testsuite ignored="0" hostname="BINTERNS-QA35L" failures="0" tests="10" name="Test" time="25.8" errors="0" timestamp="2023-05-29T15:08:41 IST">
  <testcase classname="Test_method.demobank_homepage" name="Logo" time="0.045"/>
  <testcase classname="Test_method.demobank_homepage" name="View_demo" time="1.078"/>
  <testcase classname="Test_method.demobank_homepage" name="Title" time="0.032"/>
  <testcase classname="Test_method.demobank_homepage" name="Title_banking" time="0.029"/>
  <testcase classname="Test_method.demobank_homepage" name="Transactions" time="5.127"/>
  <testcase classname="Test_method.demobank_homepage" name="Retail_demo" time="5.079"/>
  <testcase classname="Test_method.demobank_homepage" name="corporate_demo" time="5.102"/>
  <testcase classname="Test_method.demobank_homepage" name="Transaction_password" time="5.104"/>
  <testcase classname="Test_method.demobank_homepage" name="Online_internet" time="3.095"/>
  <testcase classname="Test_method.demobank_homepage" name="Aboutus" time="1.081"/>
</testsuite> <!-- Test -->
