<?xml version="1.0" encoding="UTF-8"?>
<!-- Generated by org.testng.reporters.JUnitXMLReporter -->
<testsuite ignored="1" hostname="BINTERNS-QA35L" failures="0" tests="17" name="Default test" time="23.851" errors="0" timestamp="2023-05-12T16:12:31 IST">
  <testcase classname="Testmethod.AppleMac_module" name="Mac" time="3.337"/>
  <testcase classname="Testmethod.AppleMac_module" name="MacPro" time="2.726"/>
  <testcase classname="Testmethod.AppleMac_module" name="Mac_pro" time="2.84"/>
  <testcase classname="Testmethod.AppleMac_module" name="Heading_pro" time="0.047"/>
  <testcase classname="Testmethod.AppleMac_module" name="Movemaker_text" time="0.044"/>
  <testcase classname="Testmethod.AppleMac_module" name="Watch_announcemnet" time="5.16"/>
  <testcase classname="Testmethod.AppleMac_module" name="Pause" time="2.069"/>
  <testcase classname="Testmethod.AppleMac_module" name="Sub_title" time="0.08"/>
  <testcase classname="Testmethod.AppleMac_module" name="Sub_titlel" time="0.081"/>
  <testcase classname="Testmethod.AppleMac_module" name="Slider" time="2.045"/>
  <testcase classname="Testmethod.AppleMac_module" name="FullScreen" time="1.074"/>
  <testcase classname="Testmethod.AppleMac_module" name="ExitScreen" time="1.108"/>
  <testcase classname="Testmethod.AppleMac_module" name="Mac_14" time="1.891"/>
  <testcase classname="Testmethod.AppleMac_module" name="Go_insideM2pro" time="1.113"/>
  <testcase classname="Testmethod.AppleMac_module" name="New_chips" time="0.037"/>
  <testcase classname="Testmethod.AppleMac_module" name="Better_better" time="0.036"/>
  <testcase classname="Testmethod.AppleMac_module" name="Keeps_going" time="0.06"/>
  <testcase classname="Testmethod.AppleMac_module" name="Volume" time="0.0">
    <ignored/>
  </testcase> <!-- Volume -->
</testsuite> <!-- Default test -->
