<?xml version="1.0" encoding="UTF-8"?>
<!-- Generated by org.testng.reporters.JUnitXMLReporter -->
<testsuite ignored="0" hostname="BINTERNS-QA35L" failures="0" tests="5" name="Default test" time="4.373" errors="0" timestamp="2023-05-30T11:42:15 IST">
  <testcase classname="Test_method.demobank_personallogin" name="Internet_banking" time="1.074"/>
  <testcase classname="Test_method.demobank_personallogin" name="Personal_login" time="1.079"/>
  <testcase classname="Test_method.demobank_personallogin" name="Disclaimer" time="0.033"/>
  <testcase classname="Test_method.demobank_personallogin" name="Modalbody" time="1.06"/>
  <testcase classname="Test_method.demobank_personallogin" name="Agree" time="1.088"/>
</testsuite> <!-- Default test -->
